<?xml version="1.0" encoding="UTF-8"?>
<!-- Generated by org.testng.reporters.JUnitXMLReporter -->
<<<<<<< HEAD
<testsuite ignored="0" hostname="PravinL" failures="0" tests="4" name="Add Customer Test" time="0.101" errors="0" timestamp="2022-05-24T12:54:53 IST">
  <testcase classname="com.crm.base.TestBase" name="@AfterMethod tearDown" time="0.001">
    <failure type="java.lang.NullPointerException" message="Cannot invoke &amp;quot;org.openqa.selenium.WebDriver.quit()&amp;quot; because &amp;quot;com.crm.base.TestBase.driver&amp;quot; is null">
      <![CDATA[java.lang.NullPointerException: Cannot invoke "org.openqa.selenium.WebDriver.quit()" because "com.crm.base.TestBase.driver" is null
at com.crm.base.TestBase.tearDown(TestBase.java:142)
=======
<testsuite ignored="0" hostname="DESKTOP-NN1942K" failures="0" tests="4" name="Add Customer Test" time="0.278" errors="0" timestamp="2022-05-20T16:30:48 IST">
  <testcase classname="com.crm.base.TestBase" name="@AfterMethod tearDown" time="0.001">
    <failure type="java.lang.NullPointerException" message="Cannot invoke &amp;quot;org.openqa.selenium.WebDriver.quit()&amp;quot; because &amp;quot;com.crm.base.TestBase.driver&amp;quot; is null">
      <![CDATA[java.lang.NullPointerException: Cannot invoke "org.openqa.selenium.WebDriver.quit()" because "com.crm.base.TestBase.driver" is null
at com.crm.base.TestBase.tearDown(TestBase.java:140)
>>>>>>> 8028eddb3d88cda6a802980a8435dbeca5f61c66
at java.base/java.util.ArrayList.forEach(ArrayList.java:1511)
... Removed 32 stack frames]]>
    </failure>
  </testcase> <!-- @AfterMethod tearDown -->
<<<<<<< HEAD
  <testcase classname="com.crm.base.TestBase" name="@AfterMethod tearDown" time="-1.6533770934E9">
    <skipped/>
  </testcase> <!-- @AfterMethod tearDown -->
  <testcase classname="com.crm.base.TestBase" name="@AfterMethod tearDown" time="-1.653377093406E9">
    <skipped/>
  </testcase> <!-- @AfterMethod tearDown -->
  <testcase classname="com.crm.base.TestBase" name="@AfterMethod tearDown" time="-1.653377093411E9">
=======
  <testcase classname="com.crm.base.TestBase" name="@AfterMethod tearDown" time="-1.653044448316E9">
    <skipped/>
  </testcase> <!-- @AfterMethod tearDown -->
  <testcase classname="com.crm.base.TestBase" name="@AfterMethod tearDown" time="-1.653044448361E9">
    <skipped/>
  </testcase> <!-- @AfterMethod tearDown -->
  <testcase classname="com.crm.base.TestBase" name="@AfterMethod tearDown" time="-1.653044448415E9">
>>>>>>> 8028eddb3d88cda6a802980a8435dbeca5f61c66
    <skipped/>
  </testcase> <!-- @AfterMethod tearDown -->
  <testcase classname="com.crm.testcases.AddCustomerTest" name="addCustomerTest" time="0.012">
    <skipped/>
  </testcase> <!-- addCustomerTest -->
  <testcase classname="com.crm.testcases.AddCustomerTest" name="addCustomerTest" time="0.0">
    <skipped/>
  </testcase> <!-- addCustomerTest -->
  <testcase classname="com.crm.testcases.AddCustomerTest" name="addCustomerTest" time="0.0">
    <skipped/>
  </testcase> <!-- addCustomerTest -->
  <testcase classname="com.crm.testcases.AddCustomerTest" name="addCustomerTest" time="0.0">
    <skipped/>
  </testcase> <!-- addCustomerTest -->
</testsuite> <!-- Add Customer Test -->
