<?xml version="1.0" encoding="UTF-8"?>
<!-- Generated by org.testng.reporters.JUnitXMLReporter -->
<<<<<<< HEAD
<testsuite ignored="0" hostname="PravinL" failures="0" tests="1" name="Borrower Creation Test" time="0.079" errors="0" timestamp="2022-05-25T12:34:09 IST">
  <testcase classname="com.crm.base.TestBase" name="@AfterMethod tearDown" time="0.001">
=======
<testsuite ignored="0" hostname="DESKTOP-NN1942K" failures="0" tests="1" name="Borrower Creation Test" time="0.06" errors="0" timestamp="2022-05-25T11:30:18 IST">
  <testcase classname="com.crm.base.TestBase" name="@AfterMethod tearDown" time="0.002">
>>>>>>> 1b76775ac50093cf5e50339ec12252ea7cf434e3
    <failure type="java.lang.NullPointerException" message="Cannot invoke &amp;quot;org.openqa.selenium.WebDriver.quit()&amp;quot; because &amp;quot;com.crm.base.TestBase.driver&amp;quot; is null">
      <![CDATA[java.lang.NullPointerException: Cannot invoke "org.openqa.selenium.WebDriver.quit()" because "com.crm.base.TestBase.driver" is null
at com.crm.base.TestBase.tearDown(TestBase.java:133)
at java.base/java.util.ArrayList.forEach(ArrayList.java:1511)
... Removed 30 stack frames]]>
    </failure>
  </testcase> <!-- @AfterMethod tearDown -->
<<<<<<< HEAD
  <testcase classname="com.crm.testcases.BorrowerCreationTest" name="borrowerCreationTest" time="0.016">
=======
  <testcase classname="com.crm.testcases.SSBorrowerCreationTest" name="ssborrowerCreationTest" time="0.01">
>>>>>>> 1b76775ac50093cf5e50339ec12252ea7cf434e3
    <skipped/>
  </testcase> <!-- ssborrowerCreationTest -->
</testsuite> <!-- Borrower Creation Test -->
