<!DOCTYPE html PUBLIC "-//W3C//DTD XHTML 1.1//EN" "https://www.w3.org/TR/xhtml11/DTD/xhtml11.dtd">
<html xmlns="https://www.w3.org/1999/xhtml">
<head>
<meta http-equiv="content-type" content="text/html; charset=UTF-8"/>
<title>TestNG Report</title>
<style type="text/css">table {margin-bottom:10px;border-collapse:collapse;empty-cells:show}th,td {border:1px solid #009;padding:.25em .5em}th {vertical-align:bottom}td {vertical-align:top}table a {font-weight:bold}.stripe td {background-color: #E6EBF9}.num {text-align:right}.passedodd td {background-color: #3F3}.passedeven td {background-color: #0A0}.skippedodd td {background-color: #DDD}.skippedeven td {background-color: #CCC}.failedodd td,.attn {background-color: #F33}.failedeven td,.stripe .attn {background-color: #D00}.stacktrace {white-space:pre;font-family:monospace}.totop {font-size:85%;text-align:center;border-bottom:2px solid #000}.invisible {display:none}</style>
</head>
<body>
<table>
<tr><th>Test</th><th># Passed</th><th># Skipped</th><th># Retried</th><th># Failed</th><th>Time (ms)</th><th>Included Groups</th><th>Excluded Groups</th></tr>
<tr><th colspan="8">Data Driven Basics</th></tr>
<tr><td><a href="#t0">SS Borrower Creation Test</a></td><td class="num">0</td><td class="num attn">1</td><td class="num">0</td><td class="num">0</td><td class="num">61</td><td></td><td></td></tr>
<tr class="stripe"><td><a href="#t1">Liabilities Lead Flow Lead Creation Test</a></td><td class="num">0</td><td class="num attn">1</td><td class="num">0</td><td class="num">0</td><td class="num">9</td><td></td><td></td></tr>
<tr><td><a href="#t2">Liabilities Lead Flow Update Status Code TO Appointment Fix State Test</a></td><td class="num">0</td><td class="num">0</td><td class="num">0</td><td class="num attn">1</td><td class="num">55,178</td><td></td><td></td></tr>
<tr class="stripe"><td><a href="#t3">Liabilities Lead Flow Update Status Code TO Doc Collected State Test</a></td><td class="num">0</td><td class="num">0</td><td class="num">0</td><td class="num attn">1</td><td class="num">50,295</td><td></td><td></td></tr>
<tr><td><a href="#t4">Liabilities Lead Flow Update Status Code TO Received At Branch State Test</a></td><td class="num">0</td><td class="num attn">1</td><td class="num">0</td><td class="num">0</td><td class="num">10</td><td></td><td></td></tr>
<tr class="stripe"><td><a href="#t5">Liabilities Lead Flow Update Status Code TO Branch Approved State Test</a></td><td class="num">0</td><td class="num attn">1</td><td class="num">0</td><td class="num">0</td><td class="num">4</td><td></td><td></td></tr>
<tr><td><a href="#t6">Liabilities Lead Flow Update Status Code TO Dispatched To CPU State Test</a></td><td class="num">0</td><td class="num attn">1</td><td class="num">0</td><td class="num">0</td><td class="num">0</td><td></td><td></td></tr>
<tr class="stripe"><td><a href="#t7">Liabilities Lead Flow Update Status Code TO Received At CPU State Test</a></td><td class="num">0</td><td class="num attn">1</td><td class="num">0</td><td class="num">0</td><td class="num">8</td><td></td><td></td></tr>
<tr><td><a href="#t8">Liabilities Lead Flow Update Status Code TO DVP Passed State Test</a></td><td class="num">0</td><td class="num attn">1</td><td class="num">0</td><td class="num">0</td><td class="num">4</td><td></td><td></td></tr>
<tr class="stripe"><td><a href="#t9">Liabilities Lead Flow Update Status Code TO Accepted BPO State Test</a></td><td class="num">0</td><td class="num attn">1</td><td class="num">0</td><td class="num">0</td><td class="num">4</td><td></td><td></td></tr>
<tr><td><a href="#t10">Liabilities Lead Flow Update Status Code TO Account Opened State Test</a></td><td class="num">0</td><td class="num attn">1</td><td class="num">0</td><td class="num">0</td><td class="num">5</td><td></td><td></td></tr>
<tr><th>Total</th><th class="num">0</th><th class="num attn">9</th><th class="num">0</th><th class="num attn">2</th><th class="num">105,578</th><th colspan="2"></th></tr>
</table>
<table id='summary'><thead><tr><th>Class</th><th>Method</th><th>Start</th><th>Time (ms)</th></tr></thead><tbody><tr><th colspan="4">Data Driven Basics</th></tr></tbody><tbody id="t0"><tr><th colspan="4">SS Borrower Creation Test &#8212; failed (configuration methods)</th></tr><tr class="failedeven"><td rowspan="1">com.crm.testcases.SSBorrowerCreationTest</td><td><a href="#m0">tearDown</a></td><td rowspan="1">1659686641507</td><td rowspan="1">1</td></tr><tr><th colspan="4">SS Borrower Creation Test &#8212; skipped</th></tr><tr class="skippedeven"><td rowspan="1">com.crm.testcases.SSBorrowerCreationTest</td><td><a href="#m1">ssborrowerCreationTest</a></td><td rowspan="1">1659686641490</td><td rowspan="1">9</td></tr></tbody>
<tbody id="t1"><tr><th colspan="4">Liabilities Lead Flow Lead Creation Test &#8212; failed (configuration methods)</th></tr><tr class="failedeven"><td rowspan="1">com.crm.testcases.LiabilityFlow_CreateLeadTest</td><td><a href="#m2">tearDown</a></td><td rowspan="1">1659686641780</td><td rowspan="1">1</td></tr><tr><th colspan="4">Liabilities Lead Flow Lead Creation Test &#8212; skipped</th></tr><tr class="skippedeven"><td rowspan="1">com.crm.testcases.LiabilityFlow_CreateLeadTest</td><td><a href="#m3">liabilityFlow_CreateLeadTest</a></td><td rowspan="1">1659686641778</td><td rowspan="1">2</td></tr></tbody>
<tbody id="t2"><tr><th colspan="4">Liabilities Lead Flow Update Status Code TO Appointment Fix State Test &#8212; failed</th></tr><tr class="failedeven"><td rowspan="1">com.crm.testcases.AppointmentFixTest</td><td><a href="#m4">appointmentFixTest</a></td><td rowspan="1">1659686641817</td><td rowspan="1">53074</td></tr></tbody>
<tbody id="t3"><tr><th colspan="4">Liabilities Lead Flow Update Status Code TO Doc Collected State Test &#8212; failed</th></tr><tr class="failedeven"><td rowspan="1">com.crm.testcases.DocCollectedTest</td><td><a href="#m5">docCollectedTest</a></td><td rowspan="1">1659686697074</td><td rowspan="1">48417</td></tr></tbody>
<tbody id="t4"><tr><th colspan="4">Liabilities Lead Flow Update Status Code TO Received At Branch State Test &#8212; skipped</th></tr><tr class="skippedeven"><td rowspan="1">com.crm.testcases.ReceivedAtBranchTest</td><td><a href="#m6">receivedAtBranchTest</a></td><td rowspan="1">1659686747448</td><td rowspan="1">1</td></tr></tbody>
<tbody id="t5"><tr><th colspan="4">Liabilities Lead Flow Update Status Code TO Branch Approved State Test &#8212; skipped</th></tr><tr class="skippedeven"><td rowspan="1">com.crm.testcases.BranchApprovedTest</td><td><a href="#m7">branchApprovedTest</a></td><td rowspan="1">1659686747485</td><td rowspan="1">1</td></tr></tbody>
<tbody id="t6"><tr><th colspan="4">Liabilities Lead Flow Update Status Code TO Dispatched To CPU State Test &#8212; skipped</th></tr><tr class="skippedeven"><td rowspan="1">com.crm.testcases.DispatchedToCPUTest</td><td><a href="#m8">dispatchedToCPUTest</a></td><td rowspan="1">1659686747509</td><td rowspan="1">0</td></tr></tbody>
<tbody id="t7"><tr><th colspan="4">Liabilities Lead Flow Update Status Code TO Received At CPU State Test &#8212; skipped</th></tr><tr class="skippedeven"><td rowspan="1">com.crm.testcases.ReceivedAtCPUTest</td><td><a href="#m9">receivedAtCPUTest</a></td><td rowspan="1">1659686747560</td><td rowspan="1">1</td></tr></tbody>
<tbody id="t8"><tr><th colspan="4">Liabilities Lead Flow Update Status Code TO DVP Passed State Test &#8212; skipped</th></tr><tr class="skippedeven"><td rowspan="1">com.crm.testcases.DVUPassedTest</td><td><a href="#m10">dVUPassedTest</a></td><td rowspan="1">1659686747600</td><td rowspan="1">0</td></tr></tbody>
<tbody id="t9"><tr><th colspan="4">Liabilities Lead Flow Update Status Code TO Accepted BPO State Test &#8212; skipped</th></tr><tr class="skippedeven"><td rowspan="1">com.crm.testcases.AcceptedBPOTest</td><td><a href="#m11">acceptedBPOTest</a></td><td rowspan="1">1659686747633</td><td rowspan="1">0</td></tr></tbody>
<tbody id="t10"><tr><th colspan="4">Liabilities Lead Flow Update Status Code TO Account Opened State Test &#8212; skipped</th></tr><tr class="skippedeven"><td rowspan="1">com.crm.testcases.AccountOpenedTest</td><td><a href="#m12">accountOpenedTest</a></td><td rowspan="1">1659686747671</td><td rowspan="1">1</td></tr></tbody>
</table>
<h2>SS Borrower Creation Test</h2><h3 id="m0">com.crm.testcases.SSBorrowerCreationTest#tearDown</h3><table class="result"><tr><th>Exception</th></tr><tr><td><div class="stacktrace">java.lang.NullPointerException: Cannot invoke &quot;org.openqa.selenium.WebDriver.quit()&quot; because &quot;com.crm.base.TestBase.driver&quot; is null
	at com.crm.base.TestBase.tearDown(TestBase.java:128)
	at java.base/java.util.ArrayList.forEach(ArrayList.java:1511)
... Removed 32 stack frames</div></td></tr></table><p class="totop"><a href="#summary">back to summary</a></p>
<h3 id="m1">com.crm.testcases.SSBorrowerCreationTest#ssborrowerCreationTest</h3><table class="result"><tr class="param"><th>Parameter #1</th></tr><tr class="param stripe"><td>{Password=acid_qa, Login Role=RM1, Constitution=Association, Market Segment=Commercial Banks, Username=A17837, Helpdesk UserID=ADFC12313, Date of Commencement=28/12/1999, RRP Industry1=Agriculture, Lending Type=Non Specialized Lending, Borrower Name=Sanity 10.43 Services Borrower 652, Additional Comment=Test, Asset Class=Corporates, Borrower ID=00332592, Company type=, Borrower Type=Services, TC No=TC01, PAN=TTWRK6307A, Group name=AARYA GROUP, RBI Code1=1102, Layout Name=Liabilities, Business Type=Services}</td></tr><tr><th>Exception</th></tr><tr><td><div class="stacktrace">org.testng.SkipException: Skipping the test SSBORROWERCREATIONTESTas the Run mode is NO
	at com.crm.testcases.SSBorrowerCreationTest.ssborrowerCreationTest(SSBorrowerCreationTest.java:20)
	at java.base/java.util.ArrayList.forEach(ArrayList.java:1511)
... Removed 27 stack frames</div></td></tr></table><p class="totop"><a href="#summary">back to summary</a></p>
<h2>Liabilities Lead Flow Lead Creation Test</h2><h3 id="m2">com.crm.testcases.LiabilityFlow_CreateLeadTest#tearDown</h3><table class="result"><tr><th>Exception</th></tr><tr><td><div class="stacktrace">java.lang.NullPointerException: Cannot invoke &quot;org.openqa.selenium.WebDriver.quit()&quot; because &quot;com.crm.base.TestBase.driver&quot; is null
	at com.crm.base.TestBase.tearDown(TestBase.java:128)
	at java.base/java.util.ArrayList.forEach(ArrayList.java:1511)
... Removed 32 stack frames</div></td></tr></table><p class="totop"><a href="#summary">back to summary</a></p>
<h3 id="m3">com.crm.testcases.LiabilityFlow_CreateLeadTest#liabilityFlow_CreateLeadTest</h3><table class="result"><tr class="param"><th>Parameter #1</th></tr><tr class="param stripe"><td>{View Sub Category DispatchedtoCPU=Dispatched to CPU, Input Type=Lead, SURU Branch=NO, Layout Name=Liabilities, Password=acid_qa, Mobile=8930078433, Test Case ID=TC_0001, View Sub Category BranchApproved=Branch Approved, Account No=00724359143562, Lead Priority=Normal, Customer Type=ECG, Lead Source=VYMO, Processing Entity=Branch, Not Contactable Reason=Others, View Sub Category DVUPassed=DVU Passed, FD Account Number=32145698445832, Role=Branch Manager, Last Name=Automation, View Sub Category ReceivedAtBranch=Received Complete documents at Branch, View Sub Category AcceptedBPO=Accepted BPO, Lead ID=7825, View Sub Category ReceivedAtCPU=Received at CPU, Status Code=Fresh, BM Username=A17837, Mode of Interaction=Video Call, Customer Name=Mr., Product=Activ Current Account, Middle Name=Laibilities, Customer Profile=Elite, First Name=HDFC, Branch Name=ALWAR - BHAGAT SINGH CIRCLE, View Sub Category Fresh=Fresh With Branch, View Sub Category Appointment=Appointment Fixed, Branch Decision=Open account, Not Eligible Reason=Salary in Cash, Is your country of Tax Residency Other than India=No, View Sub Sub Category=Today, RD Account Number=32145698745632, View Sub Category DocsCollected=Docs Collected, Initial Payin=445623.0, View Category=Liabilities, Program Master Initiative=Village Penetration Program ( VPP )}</td></tr><tr><th>Exception</th></tr><tr><td><div class="stacktrace">org.testng.SkipException: Skipping the test LIABILITYFLOW_CREATELEADTESTas the Run mode is NO
	at com.crm.testcases.LiabilityFlow_CreateLeadTest.liabilityFlow_CreateLeadTest(LiabilityFlow_CreateLeadTest.java:22)
	at java.base/java.util.ArrayList.forEach(ArrayList.java:1511)
... Removed 27 stack frames</div></td></tr></table><p class="totop"><a href="#summary">back to summary</a></p>
<h2>Liabilities Lead Flow Update Status Code TO Appointment Fix State Test</h2><h3 id="m4">com.crm.testcases.AppointmentFixTest#appointmentFixTest</h3><table class="result"><tr class="param"><th>Parameter #1</th></tr><tr class="param stripe"><td>{View Sub Category=Fresh With Branch, View Sub Sub Category=Today, Password=acid_qa, Test Case ID=TC_0001, Lead Id=7825, Role=Branch Manager, BM Username=A17837, View Category=Liabilities}</td></tr><tr><th>Exception</th></tr><tr><td><div class="stacktrace">org.openqa.selenium.NoSuchElementException: no such element: Unable to locate element: {&quot;method&quot;:&quot;xpath&quot;,&quot;selector&quot;:&quot;.//a[@data-autoid=&apos;gridHF_View0&apos;]&quot;}
  (Session info: chrome=104.0.5112.80)
For documentation on this error, please visit: https://www.seleniumhq.org/exceptions/no_such_element.html
Build info: version: &apos;3.141.59&apos;, revision: &apos;e82be7d358&apos;, time: &apos;2018-11-14T08:17:03&apos;
System info: host: &apos;AKILA&apos;, ip: &apos;192.168.1.51&apos;, os.name: &apos;Windows 11&apos;, os.arch: &apos;amd64&apos;, os.version: &apos;10.0&apos;, java.version: &apos;17.0.3&apos;
Driver info: org.openqa.selenium.chrome.ChromeDriver
Capabilities {acceptInsecureCerts: false, browserName: chrome, browserVersion: 104.0.5112.80, chrome: {chromedriverVersion: 104.0.5112.79 (3cf3e8c8a07d..., userDataDir: C:\Users\akila\AppData\Loca...}, goog:chromeOptions: {debuggerAddress: localhost:49736}, javascriptEnabled: true, networkConnectionEnabled: false, pageLoadStrategy: normal, platform: WINDOWS, platformName: WINDOWS, proxy: Proxy(), setWindowRect: true, strictFileInteractability: false, timeouts: {implicit: 0, pageLoad: 300000, script: 30000}, unhandledPromptBehavior: dismiss and notify, webauthn:extension:credBlob: true, webauthn:extension:largeBlob: true, webauthn:virtualAuthenticators: true}
Session ID: bb3cfebffe83802e51c842e4c22d9b8d
*** Element info: {Using=xpath, value=.//a[@data-autoid=&apos;gridHF_View0&apos;]}
	at org.openqa.selenium.remote.http.W3CHttpResponseCodec.createException(W3CHttpResponseCodec.java:187)
	at org.openqa.selenium.remote.http.W3CHttpResponseCodec.decode(W3CHttpResponseCodec.java:122)
	at org.openqa.selenium.remote.http.W3CHttpResponseCodec.decode(W3CHttpResponseCodec.java:49)
	at org.openqa.selenium.remote.HttpCommandExecutor.execute(HttpCommandExecutor.java:158)
	at org.openqa.selenium.remote.service.DriverCommandExecutor.execute(DriverCommandExecutor.java:83)
	at org.openqa.selenium.remote.RemoteWebDriver.execute(RemoteWebDriver.java:552)
	at org.openqa.selenium.remote.RemoteWebDriver.findElement(RemoteWebDriver.java:323)
	at org.openqa.selenium.remote.RemoteWebDriver.findElementByXPath(RemoteWebDriver.java:428)
	at org.openqa.selenium.By$ByXPath.findElement(By.java:353)
	at org.openqa.selenium.remote.RemoteWebDriver.findElement(RemoteWebDriver.java:315)
	at com.crm.utilities.CommonActionKeywords.flash(CommonActionKeywords.java:397)
	at com.crm.pages.LeadsPage.findLeadFromView(LeadsPage.java:36)
	at com.crm.testcases.AppointmentFixTest.appointmentFixTest(AppointmentFixTest.java:29)
	at java.base/java.util.ArrayList.forEach(ArrayList.java:1511)
... Removed 32 stack frames</div></td></tr></table><p class="totop"><a href="#summary">back to summary</a></p>
<h2>Liabilities Lead Flow Update Status Code TO Doc Collected State Test</h2><h3 id="m5">com.crm.testcases.DocCollectedTest#docCollectedTest</h3><table class="result"><tr class="param"><th>Parameter #1</th></tr><tr class="param stripe"><td>{View Sub Category=Appointment Fixed, View Sub Sub Category=Today, Password=acid_qa, Test Case ID=TC_0001, Lead Id=7825, Role=Branch Manager, BM Username=A17837, View Category=Liabilities}</td></tr><tr><th>Exception</th></tr><tr><td><div class="stacktrace">org.openqa.selenium.NoSuchElementException: no such element: Unable to locate element: {&quot;method&quot;:&quot;xpath&quot;,&quot;selector&quot;:&quot;.//a[@data-autoid=&apos;gridHF_View0&apos;]&quot;}
  (Session info: chrome=104.0.5112.80)
For documentation on this error, please visit: https://www.seleniumhq.org/exceptions/no_such_element.html
Build info: version: &apos;3.141.59&apos;, revision: &apos;e82be7d358&apos;, time: &apos;2018-11-14T08:17:03&apos;
System info: host: &apos;AKILA&apos;, ip: &apos;192.168.1.51&apos;, os.name: &apos;Windows 11&apos;, os.arch: &apos;amd64&apos;, os.version: &apos;10.0&apos;, java.version: &apos;17.0.3&apos;
Driver info: org.openqa.selenium.chrome.ChromeDriver
Capabilities {acceptInsecureCerts: false, browserName: chrome, browserVersion: 104.0.5112.80, chrome: {chromedriverVersion: 104.0.5112.79 (3cf3e8c8a07d..., userDataDir: C:\Users\akila\AppData\Loca...}, goog:chromeOptions: {debuggerAddress: localhost:49822}, javascriptEnabled: true, networkConnectionEnabled: false, pageLoadStrategy: normal, platform: WINDOWS, platformName: WINDOWS, proxy: Proxy(), setWindowRect: true, strictFileInteractability: false, timeouts: {implicit: 0, pageLoad: 300000, script: 30000}, unhandledPromptBehavior: dismiss and notify, webauthn:extension:credBlob: true, webauthn:extension:largeBlob: true, webauthn:virtualAuthenticators: true}
Session ID: 0dd292f15dafffb62ebd371cf2d5dc9a
*** Element info: {Using=xpath, value=.//a[@data-autoid=&apos;gridHF_View0&apos;]}
	at org.openqa.selenium.remote.http.W3CHttpResponseCodec.createException(W3CHttpResponseCodec.java:187)
	at org.openqa.selenium.remote.http.W3CHttpResponseCodec.decode(W3CHttpResponseCodec.java:122)
	at org.openqa.selenium.remote.http.W3CHttpResponseCodec.decode(W3CHttpResponseCodec.java:49)
	at org.openqa.selenium.remote.HttpCommandExecutor.execute(HttpCommandExecutor.java:158)
	at org.openqa.selenium.remote.service.DriverCommandExecutor.execute(DriverCommandExecutor.java:83)
	at org.openqa.selenium.remote.RemoteWebDriver.execute(RemoteWebDriver.java:552)
	at org.openqa.selenium.remote.RemoteWebDriver.findElement(RemoteWebDriver.java:323)
	at org.openqa.selenium.remote.RemoteWebDriver.findElementByXPath(RemoteWebDriver.java:428)
	at org.openqa.selenium.By$ByXPath.findElement(By.java:353)
	at org.openqa.selenium.remote.RemoteWebDriver.findElement(RemoteWebDriver.java:315)
	at com.crm.utilities.CommonActionKeywords.flash(CommonActionKeywords.java:397)
	at com.crm.pages.LeadsPage.findLeadFromView(LeadsPage.java:36)
	at com.crm.testcases.DocCollectedTest.docCollectedTest(DocCollectedTest.java:29)
	at java.base/java.util.ArrayList.forEach(ArrayList.java:1511)
... Removed 32 stack frames</div></td></tr></table><p class="totop"><a href="#summary">back to summary</a></p>
<h2>Liabilities Lead Flow Update Status Code TO Received At Branch State Test</h2><h3 id="m6">com.crm.testcases.ReceivedAtBranchTest#receivedAtBranchTest</h3><table class="result"><tr class="param"><th>Parameter #1</th></tr><tr class="param stripe"><td>{View Sub Category=Docs Collected, View Sub Sub Category=Today, Password=acid_qa, Test Case ID=TC_0001, Lead Id=7825, Role=Branch Manager, BM Username=A17837, View Category=Liabilities}</td></tr><tr><th>Exception</th></tr><tr><td><div class="stacktrace">org.testng.SkipException: Skipping the test RECEIVEDATBRANCHTESTas the Run mode is NO
	at com.crm.testcases.ReceivedAtBranchTest.receivedAtBranchTest(ReceivedAtBranchTest.java:20)
	at java.base/java.util.ArrayList.forEach(ArrayList.java:1511)
... Removed 27 stack frames</div></td></tr></table><p class="totop"><a href="#summary">back to summary</a></p>
<h2>Liabilities Lead Flow Update Status Code TO Branch Approved State Test</h2><h3 id="m7">com.crm.testcases.BranchApprovedTest#branchApprovedTest</h3><table class="result"><tr class="param"><th>Parameter #1</th></tr><tr class="param stripe"><td>{View Sub Category=Received Complete documents at Branch, View Sub Sub Category=Today, Password=acid_qa, Test Case ID=TC_0001, Lead Id=7825, Role=Branch Manager, BM Username=A17837, View Category=Liabilities}</td></tr><tr><th>Exception</th></tr><tr><td><div class="stacktrace">org.testng.SkipException: Skipping the test BRANCHAPPROVEDTESTas the Run mode is NO
	at com.crm.testcases.BranchApprovedTest.branchApprovedTest(BranchApprovedTest.java:20)
	at java.base/java.util.ArrayList.forEach(ArrayList.java:1511)
... Removed 27 stack frames</div></td></tr></table><p class="totop"><a href="#summary">back to summary</a></p>
<h2>Liabilities Lead Flow Update Status Code TO Dispatched To CPU State Test</h2><h3 id="m8">com.crm.testcases.DispatchedToCPUTest#dispatchedToCPUTest</h3><table class="result"><tr class="param"><th>Parameter #1</th></tr><tr class="param stripe"><td>{View Sub Category=Branch Approved, View Sub Sub Category=Today, Password=acid_qa, Test Case ID=TC_0001, Lead Id=7825, Role=Branch Manager, BM Username=A17837, View Category=Liabilities}</td></tr><tr><th>Exception</th></tr><tr><td><div class="stacktrace">org.testng.SkipException: Skipping the test DISPATCHEDTOCPUTESTas the Run mode is NO
	at com.crm.testcases.DispatchedToCPUTest.dispatchedToCPUTest(DispatchedToCPUTest.java:20)
	at java.base/java.util.ArrayList.forEach(ArrayList.java:1511)
... Removed 27 stack frames</div></td></tr></table><p class="totop"><a href="#summary">back to summary</a></p>
<h2>Liabilities Lead Flow Update Status Code TO Received At CPU State Test</h2><h3 id="m9">com.crm.testcases.ReceivedAtCPUTest#receivedAtCPUTest</h3><table class="result"><tr class="param"><th>Parameter #1</th></tr><tr class="param stripe"><td>{View Sub Category=Dispatched to CPU, View Sub Sub Category=Today, Password=acid_qa, Test Case ID=TC_0001, Lead Id=7825, Role=Mail Room User, BM Username=A17837, View Category=Liabilities}</td></tr><tr><th>Exception</th></tr><tr><td><div class="stacktrace">org.testng.SkipException: Skipping the test RECEIVEDATCPUTESTas the Run mode is NO
	at com.crm.testcases.ReceivedAtCPUTest.receivedAtCPUTest(ReceivedAtCPUTest.java:20)
	at java.base/java.util.ArrayList.forEach(ArrayList.java:1511)
... Removed 27 stack frames</div></td></tr></table><p class="totop"><a href="#summary">back to summary</a></p>
<h2>Liabilities Lead Flow Update Status Code TO DVP Passed State Test</h2><h3 id="m10">com.crm.testcases.DVUPassedTest#dVUPassedTest</h3><table class="result"><tr class="param"><th>Parameter #1</th></tr><tr class="param stripe"><td>{View Sub Category=Received at CPU, View Sub Sub Category=Today, Password=acid_qa, Test Case ID=TC_0001, Lead Id=7825, Role=DVU User, BM Username=A17837, View Category=Liabilities}</td></tr><tr><th>Exception</th></tr><tr><td><div class="stacktrace">org.testng.SkipException: Skipping the test DVUPASSEDTESTas the Run mode is NO
	at com.crm.testcases.DVUPassedTest.dVUPassedTest(DVUPassedTest.java:20)
	at java.base/java.util.ArrayList.forEach(ArrayList.java:1511)
... Removed 27 stack frames</div></td></tr></table><p class="totop"><a href="#summary">back to summary</a></p>
<h2>Liabilities Lead Flow Update Status Code TO Accepted BPO State Test</h2><h3 id="m11">com.crm.testcases.AcceptedBPOTest#acceptedBPOTest</h3><table class="result"><tr class="param"><th>Parameter #1</th></tr><tr class="param stripe"><td>{View Sub Category=DVU Passed, View Sub Sub Category=Today, Password=acid_qa, Test Case ID=TC_0001, Lead Id=7825, Role=SCU/FCU User, BM Username=A17837, View Category=Liabilities}</td></tr><tr><th>Exception</th></tr><tr><td><div class="stacktrace">org.testng.SkipException: Skipping the test ACCEPTEDBPOTESTas the Run mode is NO
	at com.crm.testcases.AcceptedBPOTest.acceptedBPOTest(AcceptedBPOTest.java:20)
	at java.base/java.util.ArrayList.forEach(ArrayList.java:1511)
... Removed 27 stack frames</div></td></tr></table><p class="totop"><a href="#summary">back to summary</a></p>
<h2>Liabilities Lead Flow Update Status Code TO Account Opened State Test</h2><h3 id="m12">com.crm.testcases.AccountOpenedTest#accountOpenedTest</h3><table class="result"><tr class="param"><th>Parameter #1</th></tr><tr class="param stripe"><td>{View Sub Category=Accepted BPO, View Sub Sub Category=Today, Password=acid_qa, Test Case ID=TC_0001, Lead Id=7825, Role=SCU/FCU User, BM Username=A17837, View Category=Liabilities}</td></tr><tr><th>Exception</th></tr><tr><td><div class="stacktrace">org.testng.SkipException: Skipping the test ACCOUNTOPENEDTESTas the Run mode is NO
	at com.crm.testcases.AccountOpenedTest.accountOpenedTest(AccountOpenedTest.java:20)
	at java.base/java.util.ArrayList.forEach(ArrayList.java:1511)
... Removed 27 stack frames</div></td></tr></table><p class="totop"><a href="#summary">back to summary</a></p>
</body>
</html>
