<!DOCTYPE html>

<html>
  <head>
  <meta charset='utf-8'>
  <title>TestNG reports</title>

    <link type="text/css" href="testng-reports1.css" rel="stylesheet" id="ultra" />
    <link type="text/css" href="testng-reports.css" rel="stylesheet" id="retro" disabled="false"/>
    <script type="text/javascript" src="jquery.min.js"></script>
    <script type="text/javascript" src="testng-reports.js"></script>
    <script type="text/javascript" src="https://www.google.com/jsapi"></script>
    <script type='text/javascript'>
      google.load('visualization', '1', {packages:['table']});
      google.setOnLoadCallback(drawTable);
      var suiteTableInitFunctions = new Array();
      var suiteTableData = new Array();
    </script>
    <!--
      <script type="text/javascript" src="jquery-ui/js/jquery-ui-1.8.16.custom.min.js"></script>
     -->
  </head>

  <body>
    <div class="top-banner-root">
      <span class="top-banner-title-font">Test results</span>
      <button id="button" class="button">Switch Retro Theme</button> <!-- button -->
      <br/>
      <span class="top-banner-font-1">1 suite, 2 failed tests</span>
    </div> <!-- top-banner-root -->
    <div class="navigator-root">
      <div class="navigator-suite-header">
        <span>All suites</span>
        <a href="#" title="Collapse/expand all the suites" class="collapse-all-link">
          <img src="collapseall.gif" class="collapse-all-icon">
          </img> <!-- collapse-all-icon -->
        </a> <!-- collapse-all-link -->
      </div> <!-- navigator-suite-header -->
      <div class="suite">
        <div class="rounded-window">
          <div class="suite-header light-rounded-window-top">
            <a href="#" panel-name="suite-Data_Driven_Basics" class="navigator-link">
              <span class="suite-name border-failed">Data Driven Basics</span>
            </a> <!-- navigator-link -->
          </div> <!-- suite-header light-rounded-window-top -->
          <div class="navigator-suite-content">
            <div class="suite-section-title">
              <span>Info</span>
            </div> <!-- suite-section-title -->
            <div class="suite-section-content">
              <ul>
                <li>
                  <a href="#" panel-name="test-xml-Data_Driven_Basics" class="navigator-link ">
                    <span>C:\Users\akila\OneDrive\Desktop\Automation Frameworks\Pushkar_HDFC_CRM_Hybrid_Framework-master\HDFC_CRM_Hybrid_Framework-master\src\test\resources\runner\testng.xml</span>
                  </a> <!-- navigator-link  -->
                </li>
                <li>
                  <a href="#" panel-name="testlist-Data_Driven_Basics" class="navigator-link ">
                    <span class="test-stats">11 tests</span>
                  </a> <!-- navigator-link  -->
                </li>
                <li>
                  <a href="#" panel-name="group-Data_Driven_Basics" class="navigator-link ">
                    <span>0 groups</span>
                  </a> <!-- navigator-link  -->
                </li>
                <li>
                  <a href="#" panel-name="times-Data_Driven_Basics" class="navigator-link ">
                    <span>Times</span>
                  </a> <!-- navigator-link  -->
                </li>
                <li>
                  <a href="#" panel-name="reporter-Data_Driven_Basics" class="navigator-link ">
                    <span>Reporter output</span>
                  </a> <!-- navigator-link  -->
                </li>
                <li>
                  <a href="#" panel-name="ignored-methods-Data_Driven_Basics" class="navigator-link ">
                    <span>Ignored methods</span>
                  </a> <!-- navigator-link  -->
                </li>
                <li>
                  <a href="#" panel-name="chronological-Data_Driven_Basics" class="navigator-link ">
                    <span>Chronological view</span>
                  </a> <!-- navigator-link  -->
                </li>
              </ul>
            </div> <!-- suite-section-content -->
            <div class="result-section">
              <div class="suite-section-title">
                <span>Results</span>
              </div> <!-- suite-section-title -->
              <div class="suite-section-content">
                <ul>
                  <li>
                    <span class="method-stats">11 methods, 2 failed,  9 skipped,  </span>
                  </li>
                  <li>
                    <span class="method-list-title failed">Failed methods</span>
                    <span class="show-or-hide-methods failed">
                      <a href="#" panel-name="suite-Data_Driven_Basics" class="hide-methods failed suite-Data_Driven_Basics"> (hide)</a> <!-- hide-methods failed suite-Data_Driven_Basics -->
                      <a href="#" panel-name="suite-Data_Driven_Basics" class="show-methods failed suite-Data_Driven_Basics"> (show)</a> <!-- show-methods failed suite-Data_Driven_Basics -->
                    </span>
                    <div class="method-list-content failed suite-Data_Driven_Basics">
                      <span>
                        <img src="failed.png" width="3%"/>
                        <a href="#" panel-name="suite-Data_Driven_Basics" title="com.crm.testcases.AppointmentFixTest" class="method navigator-link" hash-for-method="appointmentFixTest({View Sub Category=Fresh With Branch, View Sub Sub Category=Today, Password=acid_qa, Test Case ID=TC...)">appointmentFixTest({View Sub Category=Fresh With Branch, View Sub Sub Category=Today, Password=acid_qa, Test Case ID=TC...)</a> <!-- method navigator-link -->
                      </span>
                      <br/>
                      <span>
                        <img src="failed.png" width="3%"/>
                        <a href="#" panel-name="suite-Data_Driven_Basics" title="com.crm.testcases.DocCollectedTest" class="method navigator-link" hash-for-method="docCollectedTest({View Sub Category=Appointment Fixed, View Sub Sub Category=Today, Password=acid_qa, Test Case ID=TC...)">docCollectedTest({View Sub Category=Appointment Fixed, View Sub Sub Category=Today, Password=acid_qa, Test Case ID=TC...)</a> <!-- method navigator-link -->
                      </span>
                      <br/>
                    </div> <!-- method-list-content failed suite-Data_Driven_Basics -->
                  </li>
                  <li>
                    <span class="method-list-title skipped">Skipped methods</span>
                    <span class="show-or-hide-methods skipped">
                      <a href="#" panel-name="suite-Data_Driven_Basics" class="hide-methods skipped suite-Data_Driven_Basics"> (hide)</a> <!-- hide-methods skipped suite-Data_Driven_Basics -->
                      <a href="#" panel-name="suite-Data_Driven_Basics" class="show-methods skipped suite-Data_Driven_Basics"> (show)</a> <!-- show-methods skipped suite-Data_Driven_Basics -->
                    </span>
                    <div class="method-list-content skipped suite-Data_Driven_Basics">
                      <span>
                        <img src="skipped.png" width="3%"/>
                        <a href="#" panel-name="suite-Data_Driven_Basics" title="com.crm.testcases.AcceptedBPOTest" class="method navigator-link" hash-for-method="acceptedBPOTest({View Sub Category=DVU Passed, View Sub Sub Category=Today, Password=acid_qa, Test Case ID=TC_0001, ...)">acceptedBPOTest({View Sub Category=DVU Passed, View Sub Sub Category=Today, Password=acid_qa, Test Case ID=TC_0001, ...)</a> <!-- method navigator-link -->
                      </span>
                      <br/>
                      <span>
                        <img src="skipped.png" width="3%"/>
                        <a href="#" panel-name="suite-Data_Driven_Basics" title="com.crm.testcases.AccountOpenedTest" class="method navigator-link" hash-for-method="accountOpenedTest({View Sub Category=Accepted BPO, View Sub Sub Category=Today, Password=acid_qa, Test Case ID=TC_0001...)">accountOpenedTest({View Sub Category=Accepted BPO, View Sub Sub Category=Today, Password=acid_qa, Test Case ID=TC_0001...)</a> <!-- method navigator-link -->
                      </span>
                      <br/>
                      <span>
                        <img src="skipped.png" width="3%"/>
                        <a href="#" panel-name="suite-Data_Driven_Basics" title="com.crm.testcases.BranchApprovedTest" class="method navigator-link" hash-for-method="branchApprovedTest({View Sub Category=Received Complete documents at Branch, View Sub Sub Category=Today, Password=acid...)">branchApprovedTest({View Sub Category=Received Complete documents at Branch, View Sub Sub Category=Today, Password=acid...)</a> <!-- method navigator-link -->
                      </span>
                      <br/>
                      <span>
                        <img src="skipped.png" width="3%"/>
                        <a href="#" panel-name="suite-Data_Driven_Basics" title="com.crm.testcases.DVUPassedTest" class="method navigator-link" hash-for-method="dVUPassedTest({View Sub Category=Received at CPU, View Sub Sub Category=Today, Password=acid_qa, Test Case ID=TC_0...)">dVUPassedTest({View Sub Category=Received at CPU, View Sub Sub Category=Today, Password=acid_qa, Test Case ID=TC_0...)</a> <!-- method navigator-link -->
                      </span>
                      <br/>
                      <span>
                        <img src="skipped.png" width="3%"/>
                        <a href="#" panel-name="suite-Data_Driven_Basics" title="com.crm.testcases.DispatchedToCPUTest" class="method navigator-link" hash-for-method="dispatchedToCPUTest({View Sub Category=Branch Approved, View Sub Sub Category=Today, Password=acid_qa, Test Case ID=TC_0...)">dispatchedToCPUTest({View Sub Category=Branch Approved, View Sub Sub Category=Today, Password=acid_qa, Test Case ID=TC_0...)</a> <!-- method navigator-link -->
                      </span>
                      <br/>
                      <span>
                        <img src="skipped.png" width="3%"/>
                        <a href="#" panel-name="suite-Data_Driven_Basics" title="com.crm.testcases.LiabilityFlow_CreateLeadTest" class="method navigator-link" hash-for-method="liabilityFlow_CreateLeadTest({View Sub Category DispatchedtoCPU=Dispatched to CPU, Input Type=Lead, SURU Branch=NO, Layout Name=L...)">liabilityFlow_CreateLeadTest({View Sub Category DispatchedtoCPU=Dispatched to CPU, Input Type=Lead, SURU Branch=NO, Layout Name=L...)</a> <!-- method navigator-link -->
                      </span>
                      <br/>
                      <span>
                        <img src="skipped.png" width="3%"/>
                        <a href="#" panel-name="suite-Data_Driven_Basics" title="com.crm.testcases.ReceivedAtBranchTest" class="method navigator-link" hash-for-method="receivedAtBranchTest({View Sub Category=Docs Collected, View Sub Sub Category=Today, Password=acid_qa, Test Case ID=TC_00...)">receivedAtBranchTest({View Sub Category=Docs Collected, View Sub Sub Category=Today, Password=acid_qa, Test Case ID=TC_00...)</a> <!-- method navigator-link -->
                      </span>
                      <br/>
                      <span>
                        <img src="skipped.png" width="3%"/>
                        <a href="#" panel-name="suite-Data_Driven_Basics" title="com.crm.testcases.ReceivedAtCPUTest" class="method navigator-link" hash-for-method="receivedAtCPUTest({View Sub Category=Dispatched to CPU, View Sub Sub Category=Today, Password=acid_qa, Test Case ID=TC...)">receivedAtCPUTest({View Sub Category=Dispatched to CPU, View Sub Sub Category=Today, Password=acid_qa, Test Case ID=TC...)</a> <!-- method navigator-link -->
                      </span>
                      <br/>
                      <span>
                        <img src="skipped.png" width="3%"/>
                        <a href="#" panel-name="suite-Data_Driven_Basics" title="com.crm.testcases.SSBorrowerCreationTest" class="method navigator-link" hash-for-method="ssborrowerCreationTest({Password=acid_qa, Login Role=RM1, Constitution=Association, Market Segment=Commercial Banks, Userna...)">ssborrowerCreationTest({Password=acid_qa, Login Role=RM1, Constitution=Association, Market Segment=Commercial Banks, Userna...)</a> <!-- method navigator-link -->
                      </span>
                      <br/>
                    </div> <!-- method-list-content skipped suite-Data_Driven_Basics -->
                  </li>
                </ul>
              </div> <!-- suite-section-content -->
            </div> <!-- result-section -->
          </div> <!-- navigator-suite-content -->
        </div> <!-- rounded-window -->
      </div> <!-- suite -->
    </div> <!-- navigator-root -->
    <div class="wrapper">
      <div class="main-panel-root">
        <div panel-name="suite-Data_Driven_Basics" class="panel Data_Driven_Basics">
          <div class="suite-Data_Driven_Basics-class-failed">
            <div class="main-panel-header rounded-window-top">
              <img src="failed.png"/>
              <span class="class-name">com.crm.testcases.AppointmentFixTest</span>
            </div> <!-- main-panel-header rounded-window-top -->
            <div class="main-panel-content rounded-window-bottom">
              <div class="method">
                <div class="method-content">
                  <a name="appointmentFixTest({View Sub Category=Fresh With Branch, View Sub Sub Category=Today, Password=acid_qa, Test Case ID=TC...)">
                  </a> <!-- appointmentFixTest({View Sub Category=Fresh With Branch, View Sub Sub Category=Today, Password=acid_qa, Test Case ID=TC...) -->
                  <span class="method-name">appointmentFixTest</span>
                  <span class="parameters">({View Sub Category=Fresh With Branch, View Sub Sub Category=Today, Password=acid_qa, Test Case ID=TC_0001, Lead Id=7825, Role=Branch Manager, BM Username=A17837, View Category=Liabilities})</span>
                  <div class="stack-trace">org.openqa.selenium.NoSuchElementException: no such element: Unable to locate element: {&quot;method&quot;:&quot;xpath&quot;,&quot;selector&quot;:&quot;.//a[@data-autoid=&apos;gridHF_View0&apos;]&quot;}
  (Session info: chrome=104.0.5112.80)
For documentation on this error, please visit: https://www.seleniumhq.org/exceptions/no_such_element.html
Build info: version: &apos;3.141.59&apos;, revision: &apos;e82be7d358&apos;, time: &apos;2018-11-14T08:17:03&apos;
System info: host: &apos;AKILA&apos;, ip: &apos;192.168.1.51&apos;, os.name: &apos;Windows 11&apos;, os.arch: &apos;amd64&apos;, os.version: &apos;10.0&apos;, java.version: &apos;17.0.3&apos;
Driver info: org.openqa.selenium.chrome.ChromeDriver
Capabilities {acceptInsecureCerts: false, browserName: chrome, browserVersion: 104.0.5112.80, chrome: {chromedriverVersion: 104.0.5112.79 (3cf3e8c8a07d..., userDataDir: C:\Users\akila\AppData\Loca...}, goog:chromeOptions: {debuggerAddress: localhost:49736}, javascriptEnabled: true, networkConnectionEnabled: false, pageLoadStrategy: normal, platform: WINDOWS, platformName: WINDOWS, proxy: Proxy(), setWindowRect: true, strictFileInteractability: false, timeouts: {implicit: 0, pageLoad: 300000, script: 30000}, unhandledPromptBehavior: dismiss and notify, webauthn:extension:credBlob: true, webauthn:extension:largeBlob: true, webauthn:virtualAuthenticators: true}
Session ID: bb3cfebffe83802e51c842e4c22d9b8d
*** Element info: {Using=xpath, value=.//a[@data-autoid=&apos;gridHF_View0&apos;]}
	at org.openqa.selenium.remote.http.W3CHttpResponseCodec.createException(W3CHttpResponseCodec.java:187)
	at org.openqa.selenium.remote.http.W3CHttpResponseCodec.decode(W3CHttpResponseCodec.java:122)
	at org.openqa.selenium.remote.http.W3CHttpResponseCodec.decode(W3CHttpResponseCodec.java:49)
	at org.openqa.selenium.remote.HttpCommandExecutor.execute(HttpCommandExecutor.java:158)
	at org.openqa.selenium.remote.service.DriverCommandExecutor.execute(DriverCommandExecutor.java:83)
	at org.openqa.selenium.remote.RemoteWebDriver.execute(RemoteWebDriver.java:552)
	at org.openqa.selenium.remote.RemoteWebDriver.findElement(RemoteWebDriver.java:323)
	at org.openqa.selenium.remote.RemoteWebDriver.findElementByXPath(RemoteWebDriver.java:428)
	at org.openqa.selenium.By$ByXPath.findElement(By.java:353)
	at org.openqa.selenium.remote.RemoteWebDriver.findElement(RemoteWebDriver.java:315)
	at com.crm.utilities.CommonActionKeywords.flash(CommonActionKeywords.java:397)
	at com.crm.pages.LeadsPage.findLeadFromView(LeadsPage.java:36)
	at com.crm.testcases.AppointmentFixTest.appointmentFixTest(AppointmentFixTest.java:29)
	at java.base/java.util.ArrayList.forEach(ArrayList.java:1511)
... Removed 32 stack frames
</div> <!-- stack-trace -->
                </div> <!-- method-content -->
              </div> <!-- method -->
            </div> <!-- main-panel-content rounded-window-bottom -->
          </div> <!-- suite-Data_Driven_Basics-class-failed -->
          <div class="suite-Data_Driven_Basics-class-failed">
            <div class="main-panel-header rounded-window-top">
              <img src="failed.png"/>
              <span class="class-name">com.crm.testcases.DocCollectedTest</span>
            </div> <!-- main-panel-header rounded-window-top -->
            <div class="main-panel-content rounded-window-bottom">
              <div class="method">
                <div class="method-content">
                  <a name="docCollectedTest({View Sub Category=Appointment Fixed, View Sub Sub Category=Today, Password=acid_qa, Test Case ID=TC...)">
                  </a> <!-- docCollectedTest({View Sub Category=Appointment Fixed, View Sub Sub Category=Today, Password=acid_qa, Test Case ID=TC...) -->
                  <span class="method-name">docCollectedTest</span>
                  <span class="parameters">({View Sub Category=Appointment Fixed, View Sub Sub Category=Today, Password=acid_qa, Test Case ID=TC_0001, Lead Id=7825, Role=Branch Manager, BM Username=A17837, View Category=Liabilities})</span>
                  <div class="stack-trace">org.openqa.selenium.NoSuchElementException: no such element: Unable to locate element: {&quot;method&quot;:&quot;xpath&quot;,&quot;selector&quot;:&quot;.//a[@data-autoid=&apos;gridHF_View0&apos;]&quot;}
  (Session info: chrome=104.0.5112.80)
For documentation on this error, please visit: https://www.seleniumhq.org/exceptions/no_such_element.html
Build info: version: &apos;3.141.59&apos;, revision: &apos;e82be7d358&apos;, time: &apos;2018-11-14T08:17:03&apos;
System info: host: &apos;AKILA&apos;, ip: &apos;192.168.1.51&apos;, os.name: &apos;Windows 11&apos;, os.arch: &apos;amd64&apos;, os.version: &apos;10.0&apos;, java.version: &apos;17.0.3&apos;
Driver info: org.openqa.selenium.chrome.ChromeDriver
Capabilities {acceptInsecureCerts: false, browserName: chrome, browserVersion: 104.0.5112.80, chrome: {chromedriverVersion: 104.0.5112.79 (3cf3e8c8a07d..., userDataDir: C:\Users\akila\AppData\Loca...}, goog:chromeOptions: {debuggerAddress: localhost:49822}, javascriptEnabled: true, networkConnectionEnabled: false, pageLoadStrategy: normal, platform: WINDOWS, platformName: WINDOWS, proxy: Proxy(), setWindowRect: true, strictFileInteractability: false, timeouts: {implicit: 0, pageLoad: 300000, script: 30000}, unhandledPromptBehavior: dismiss and notify, webauthn:extension:credBlob: true, webauthn:extension:largeBlob: true, webauthn:virtualAuthenticators: true}
Session ID: 0dd292f15dafffb62ebd371cf2d5dc9a
*** Element info: {Using=xpath, value=.//a[@data-autoid=&apos;gridHF_View0&apos;]}
	at org.openqa.selenium.remote.http.W3CHttpResponseCodec.createException(W3CHttpResponseCodec.java:187)
	at org.openqa.selenium.remote.http.W3CHttpResponseCodec.decode(W3CHttpResponseCodec.java:122)
	at org.openqa.selenium.remote.http.W3CHttpResponseCodec.decode(W3CHttpResponseCodec.java:49)
	at org.openqa.selenium.remote.HttpCommandExecutor.execute(HttpCommandExecutor.java:158)
	at org.openqa.selenium.remote.service.DriverCommandExecutor.execute(DriverCommandExecutor.java:83)
	at org.openqa.selenium.remote.RemoteWebDriver.execute(RemoteWebDriver.java:552)
	at org.openqa.selenium.remote.RemoteWebDriver.findElement(RemoteWebDriver.java:323)
	at org.openqa.selenium.remote.RemoteWebDriver.findElementByXPath(RemoteWebDriver.java:428)
	at org.openqa.selenium.By$ByXPath.findElement(By.java:353)
	at org.openqa.selenium.remote.RemoteWebDriver.findElement(RemoteWebDriver.java:315)
	at com.crm.utilities.CommonActionKeywords.flash(CommonActionKeywords.java:397)
	at com.crm.pages.LeadsPage.findLeadFromView(LeadsPage.java:36)
	at com.crm.testcases.DocCollectedTest.docCollectedTest(DocCollectedTest.java:29)
	at java.base/java.util.ArrayList.forEach(ArrayList.java:1511)
... Removed 32 stack frames
</div> <!-- stack-trace -->
                </div> <!-- method-content -->
              </div> <!-- method -->
            </div> <!-- main-panel-content rounded-window-bottom -->
          </div> <!-- suite-Data_Driven_Basics-class-failed -->
          <div class="suite-Data_Driven_Basics-class-skipped">
            <div class="main-panel-header rounded-window-top">
              <img src="skipped.png"/>
              <span class="class-name">com.crm.testcases.DispatchedToCPUTest</span>
            </div> <!-- main-panel-header rounded-window-top -->
            <div class="main-panel-content rounded-window-bottom">
              <div class="method">
                <div class="method-content">
                  <a name="dispatchedToCPUTest({View Sub Category=Branch Approved, View Sub Sub Category=Today, Password=acid_qa, Test Case ID=TC_0...)">
                  </a> <!-- dispatchedToCPUTest({View Sub Category=Branch Approved, View Sub Sub Category=Today, Password=acid_qa, Test Case ID=TC_0...) -->
                  <span class="method-name">dispatchedToCPUTest</span>
                  <span class="parameters">({View Sub Category=Branch Approved, View Sub Sub Category=Today, Password=acid_qa, Test Case ID=TC_0001, Lead Id=7825, Role=Branch Manager, BM Username=A17837, View Category=Liabilities})</span>
                  <div class="stack-trace">org.testng.SkipException: Skipping the test DISPATCHEDTOCPUTESTas the Run mode is NO
	at com.crm.testcases.DispatchedToCPUTest.dispatchedToCPUTest(DispatchedToCPUTest.java:20)
	at java.base/java.util.ArrayList.forEach(ArrayList.java:1511)
... Removed 27 stack frames
</div> <!-- stack-trace -->
                </div> <!-- method-content -->
              </div> <!-- method -->
            </div> <!-- main-panel-content rounded-window-bottom -->
          </div> <!-- suite-Data_Driven_Basics-class-skipped -->
          <div class="suite-Data_Driven_Basics-class-skipped">
            <div class="main-panel-header rounded-window-top">
              <img src="skipped.png"/>
              <span class="class-name">com.crm.testcases.ReceivedAtBranchTest</span>
            </div> <!-- main-panel-header rounded-window-top -->
            <div class="main-panel-content rounded-window-bottom">
              <div class="method">
                <div class="method-content">
                  <a name="receivedAtBranchTest({View Sub Category=Docs Collected, View Sub Sub Category=Today, Password=acid_qa, Test Case ID=TC_00...)">
                  </a> <!-- receivedAtBranchTest({View Sub Category=Docs Collected, View Sub Sub Category=Today, Password=acid_qa, Test Case ID=TC_00...) -->
                  <span class="method-name">receivedAtBranchTest</span>
                  <span class="parameters">({View Sub Category=Docs Collected, View Sub Sub Category=Today, Password=acid_qa, Test Case ID=TC_0001, Lead Id=7825, Role=Branch Manager, BM Username=A17837, View Category=Liabilities})</span>
                  <div class="stack-trace">org.testng.SkipException: Skipping the test RECEIVEDATBRANCHTESTas the Run mode is NO
	at com.crm.testcases.ReceivedAtBranchTest.receivedAtBranchTest(ReceivedAtBranchTest.java:20)
	at java.base/java.util.ArrayList.forEach(ArrayList.java:1511)
... Removed 27 stack frames
</div> <!-- stack-trace -->
                </div> <!-- method-content -->
              </div> <!-- method -->
            </div> <!-- main-panel-content rounded-window-bottom -->
          </div> <!-- suite-Data_Driven_Basics-class-skipped -->
          <div class="suite-Data_Driven_Basics-class-skipped">
            <div class="main-panel-header rounded-window-top">
              <img src="skipped.png"/>
              <span class="class-name">com.crm.testcases.AccountOpenedTest</span>
            </div> <!-- main-panel-header rounded-window-top -->
            <div class="main-panel-content rounded-window-bottom">
              <div class="method">
                <div class="method-content">
                  <a name="accountOpenedTest({View Sub Category=Accepted BPO, View Sub Sub Category=Today, Password=acid_qa, Test Case ID=TC_0001...)">
                  </a> <!-- accountOpenedTest({View Sub Category=Accepted BPO, View Sub Sub Category=Today, Password=acid_qa, Test Case ID=TC_0001...) -->
                  <span class="method-name">accountOpenedTest</span>
                  <span class="parameters">({View Sub Category=Accepted BPO, View Sub Sub Category=Today, Password=acid_qa, Test Case ID=TC_0001, Lead Id=7825, Role=SCU/FCU User, BM Username=A17837, View Category=Liabilities})</span>
                  <div class="stack-trace">org.testng.SkipException: Skipping the test ACCOUNTOPENEDTESTas the Run mode is NO
	at com.crm.testcases.AccountOpenedTest.accountOpenedTest(AccountOpenedTest.java:20)
	at java.base/java.util.ArrayList.forEach(ArrayList.java:1511)
... Removed 27 stack frames
</div> <!-- stack-trace -->
                </div> <!-- method-content -->
              </div> <!-- method -->
            </div> <!-- main-panel-content rounded-window-bottom -->
          </div> <!-- suite-Data_Driven_Basics-class-skipped -->
          <div class="suite-Data_Driven_Basics-class-skipped">
            <div class="main-panel-header rounded-window-top">
              <img src="skipped.png"/>
              <span class="class-name">com.crm.testcases.AcceptedBPOTest</span>
            </div> <!-- main-panel-header rounded-window-top -->
            <div class="main-panel-content rounded-window-bottom">
              <div class="method">
                <div class="method-content">
                  <a name="acceptedBPOTest({View Sub Category=DVU Passed, View Sub Sub Category=Today, Password=acid_qa, Test Case ID=TC_0001, ...)">
                  </a> <!-- acceptedBPOTest({View Sub Category=DVU Passed, View Sub Sub Category=Today, Password=acid_qa, Test Case ID=TC_0001, ...) -->
                  <span class="method-name">acceptedBPOTest</span>
                  <span class="parameters">({View Sub Category=DVU Passed, View Sub Sub Category=Today, Password=acid_qa, Test Case ID=TC_0001, Lead Id=7825, Role=SCU/FCU User, BM Username=A17837, View Category=Liabilities})</span>
                  <div class="stack-trace">org.testng.SkipException: Skipping the test ACCEPTEDBPOTESTas the Run mode is NO
	at com.crm.testcases.AcceptedBPOTest.acceptedBPOTest(AcceptedBPOTest.java:20)
	at java.base/java.util.ArrayList.forEach(ArrayList.java:1511)
... Removed 27 stack frames
</div> <!-- stack-trace -->
                </div> <!-- method-content -->
              </div> <!-- method -->
            </div> <!-- main-panel-content rounded-window-bottom -->
          </div> <!-- suite-Data_Driven_Basics-class-skipped -->
          <div class="suite-Data_Driven_Basics-class-skipped">
            <div class="main-panel-header rounded-window-top">
              <img src="skipped.png"/>
              <span class="class-name">com.crm.testcases.DVUPassedTest</span>
            </div> <!-- main-panel-header rounded-window-top -->
            <div class="main-panel-content rounded-window-bottom">
              <div class="method">
                <div class="method-content">
                  <a name="dVUPassedTest({View Sub Category=Received at CPU, View Sub Sub Category=Today, Password=acid_qa, Test Case ID=TC_0...)">
                  </a> <!-- dVUPassedTest({View Sub Category=Received at CPU, View Sub Sub Category=Today, Password=acid_qa, Test Case ID=TC_0...) -->
                  <span class="method-name">dVUPassedTest</span>
                  <span class="parameters">({View Sub Category=Received at CPU, View Sub Sub Category=Today, Password=acid_qa, Test Case ID=TC_0001, Lead Id=7825, Role=DVU User, BM Username=A17837, View Category=Liabilities})</span>
                  <div class="stack-trace">org.testng.SkipException: Skipping the test DVUPASSEDTESTas the Run mode is NO
	at com.crm.testcases.DVUPassedTest.dVUPassedTest(DVUPassedTest.java:20)
	at java.base/java.util.ArrayList.forEach(ArrayList.java:1511)
... Removed 27 stack frames
</div> <!-- stack-trace -->
                </div> <!-- method-content -->
              </div> <!-- method -->
            </div> <!-- main-panel-content rounded-window-bottom -->
          </div> <!-- suite-Data_Driven_Basics-class-skipped -->
          <div class="suite-Data_Driven_Basics-class-skipped">
            <div class="main-panel-header rounded-window-top">
              <img src="skipped.png"/>
              <span class="class-name">com.crm.testcases.BranchApprovedTest</span>
            </div> <!-- main-panel-header rounded-window-top -->
            <div class="main-panel-content rounded-window-bottom">
              <div class="method">
                <div class="method-content">
                  <a name="branchApprovedTest({View Sub Category=Received Complete documents at Branch, View Sub Sub Category=Today, Password=acid...)">
                  </a> <!-- branchApprovedTest({View Sub Category=Received Complete documents at Branch, View Sub Sub Category=Today, Password=acid...) -->
                  <span class="method-name">branchApprovedTest</span>
                  <span class="parameters">({View Sub Category=Received Complete documents at Branch, View Sub Sub Category=Today, Password=acid_qa, Test Case ID=TC_0001, Lead Id=7825, Role=Branch Manager, BM Username=A17837, View Category=Liabilities})</span>
                  <div class="stack-trace">org.testng.SkipException: Skipping the test BRANCHAPPROVEDTESTas the Run mode is NO
	at com.crm.testcases.BranchApprovedTest.branchApprovedTest(BranchApprovedTest.java:20)
	at java.base/java.util.ArrayList.forEach(ArrayList.java:1511)
... Removed 27 stack frames
</div> <!-- stack-trace -->
                </div> <!-- method-content -->
              </div> <!-- method -->
            </div> <!-- main-panel-content rounded-window-bottom -->
          </div> <!-- suite-Data_Driven_Basics-class-skipped -->
          <div class="suite-Data_Driven_Basics-class-skipped">
            <div class="main-panel-header rounded-window-top">
              <img src="skipped.png"/>
              <span class="class-name">com.crm.testcases.ReceivedAtCPUTest</span>
            </div> <!-- main-panel-header rounded-window-top -->
            <div class="main-panel-content rounded-window-bottom">
              <div class="method">
                <div class="method-content">
                  <a name="receivedAtCPUTest({View Sub Category=Dispatched to CPU, View Sub Sub Category=Today, Password=acid_qa, Test Case ID=TC...)">
                  </a> <!-- receivedAtCPUTest({View Sub Category=Dispatched to CPU, View Sub Sub Category=Today, Password=acid_qa, Test Case ID=TC...) -->
                  <span class="method-name">receivedAtCPUTest</span>
                  <span class="parameters">({View Sub Category=Dispatched to CPU, View Sub Sub Category=Today, Password=acid_qa, Test Case ID=TC_0001, Lead Id=7825, Role=Mail Room User, BM Username=A17837, View Category=Liabilities})</span>
                  <div class="stack-trace">org.testng.SkipException: Skipping the test RECEIVEDATCPUTESTas the Run mode is NO
	at com.crm.testcases.ReceivedAtCPUTest.receivedAtCPUTest(ReceivedAtCPUTest.java:20)
	at java.base/java.util.ArrayList.forEach(ArrayList.java:1511)
... Removed 27 stack frames
</div> <!-- stack-trace -->
                </div> <!-- method-content -->
              </div> <!-- method -->
            </div> <!-- main-panel-content rounded-window-bottom -->
          </div> <!-- suite-Data_Driven_Basics-class-skipped -->
          <div class="suite-Data_Driven_Basics-class-skipped">
            <div class="main-panel-header rounded-window-top">
              <img src="skipped.png"/>
              <span class="class-name">com.crm.testcases.LiabilityFlow_CreateLeadTest</span>
            </div> <!-- main-panel-header rounded-window-top -->
            <div class="main-panel-content rounded-window-bottom">
              <div class="method">
                <div class="method-content">
                  <a name="liabilityFlow_CreateLeadTest({View Sub Category DispatchedtoCPU=Dispatched to CPU, Input Type=Lead, SURU Branch=NO, Layout Name=L...)">
                  </a> <!-- liabilityFlow_CreateLeadTest({View Sub Category DispatchedtoCPU=Dispatched to CPU, Input Type=Lead, SURU Branch=NO, Layout Name=L...) -->
                  <span class="method-name">liabilityFlow_CreateLeadTest</span>
                  <span class="parameters">({View Sub Category DispatchedtoCPU=Dispatched to CPU, Input Type=Lead, SURU Branch=NO, Layout Name=Liabilities, Password=acid_qa, Mobile=8930078433, Test Case ID=TC_0001, View Sub Category BranchApproved=Branch Approved, Account No=00724359143562, Lead Priority=Normal, Customer Type=ECG, Lead Source=VYMO, Processing Entity=Branch, Not Contactable Reason=Others, View Sub Category DVUPassed=DVU Passed, FD Account Number=32145698445832, Role=Branch Manager, Last Name=Automation, View Sub Category ReceivedAtBranch=Received Complete documents at Branch, View Sub Category AcceptedBPO=Accepted BPO, Lead ID=7825, View Sub Category ReceivedAtCPU=Received at CPU, Status Code=Fresh, BM Username=A17837, Mode of Interaction=Video Call, Customer Name=Mr., Product=Activ Current Account, Middle Name=Laibilities, Customer Profile=Elite, First Name=HDFC, Branch Name=ALWAR - BHAGAT SINGH CIRCLE, View Sub Category Fresh=Fresh With Branch, View Sub Category Appointment=Appointment Fixed, Branch Decision=Open account, Not Eligible Reason=Salary in Cash, Is your country of Tax Residency Other than India=No, View Sub Sub Category=Today, RD Account Number=32145698745632, View Sub Category DocsCollected=Docs Collected, Initial Payin=445623.0, View Category=Liabilities, Program Master Initiative=Village Penetration Program ( VPP )})</span>
                  <div class="stack-trace">org.testng.SkipException: Skipping the test LIABILITYFLOW_CREATELEADTESTas the Run mode is NO
	at com.crm.testcases.LiabilityFlow_CreateLeadTest.liabilityFlow_CreateLeadTest(LiabilityFlow_CreateLeadTest.java:22)
	at java.base/java.util.ArrayList.forEach(ArrayList.java:1511)
... Removed 27 stack frames
</div> <!-- stack-trace -->
                </div> <!-- method-content -->
              </div> <!-- method -->
            </div> <!-- main-panel-content rounded-window-bottom -->
          </div> <!-- suite-Data_Driven_Basics-class-skipped -->
          <div class="suite-Data_Driven_Basics-class-skipped">
            <div class="main-panel-header rounded-window-top">
              <img src="skipped.png"/>
              <span class="class-name">com.crm.testcases.SSBorrowerCreationTest</span>
            </div> <!-- main-panel-header rounded-window-top -->
            <div class="main-panel-content rounded-window-bottom">
              <div class="method">
                <div class="method-content">
                  <a name="ssborrowerCreationTest({Password=acid_qa, Login Role=RM1, Constitution=Association, Market Segment=Commercial Banks, Userna...)">
                  </a> <!-- ssborrowerCreationTest({Password=acid_qa, Login Role=RM1, Constitution=Association, Market Segment=Commercial Banks, Userna...) -->
                  <span class="method-name">ssborrowerCreationTest</span>
                  <span class="parameters">({Password=acid_qa, Login Role=RM1, Constitution=Association, Market Segment=Commercial Banks, Username=A17837, Helpdesk UserID=ADFC12313, Date of Commencement=28/12/1999, RRP Industry1=Agriculture, Lending Type=Non Specialized Lending, Borrower Name=Sanity 10.43 Services Borrower 652, Additional Comment=Test, Asset Class=Corporates, Borrower ID=00332592, Company type=, Borrower Type=Services, TC No=TC01, PAN=TTWRK6307A, Group name=AARYA GROUP, RBI Code1=1102, Layout Name=Liabilities, Business Type=Services})</span>
                  <div class="stack-trace">org.testng.SkipException: Skipping the test SSBORROWERCREATIONTESTas the Run mode is NO
	at com.crm.testcases.SSBorrowerCreationTest.ssborrowerCreationTest(SSBorrowerCreationTest.java:20)
	at java.base/java.util.ArrayList.forEach(ArrayList.java:1511)
... Removed 27 stack frames
</div> <!-- stack-trace -->
                </div> <!-- method-content -->
              </div> <!-- method -->
            </div> <!-- main-panel-content rounded-window-bottom -->
          </div> <!-- suite-Data_Driven_Basics-class-skipped -->
        </div> <!-- panel Data_Driven_Basics -->
        <div panel-name="test-xml-Data_Driven_Basics" class="panel">
          <div class="main-panel-header rounded-window-top">
            <span class="header-content">C:\Users\akila\OneDrive\Desktop\Automation Frameworks\Pushkar_HDFC_CRM_Hybrid_Framework-master\HDFC_CRM_Hybrid_Framework-master\src\test\resources\runner\testng.xml</span>
          </div> <!-- main-panel-header rounded-window-top -->
          <div class="main-panel-content rounded-window-bottom">
            <pre>
&lt;?xml version=&quot;1.0&quot; encoding=&quot;UTF-8&quot;?&gt;
&lt;!DOCTYPE suite SYSTEM &quot;https://testng.org/testng-1.0.dtd&quot;&gt;
&lt;suite name=&quot;Data Driven Basics&quot; guice-stage=&quot;DEVELOPMENT&quot;&gt;
  &lt;listeners&gt;
    &lt;listener class-name=&quot;org.uncommons.reportng.HTMLReporter&quot;/&gt;
    &lt;listener class-name=&quot;org.uncommons.reportng.JUnitXMLReporter&quot;/&gt;
    &lt;listener class-name=&quot;com.crm.listeners.CustomListeners&quot;/&gt;
  &lt;/listeners&gt;
  &lt;test thread-count=&quot;5&quot; name=&quot;SS Borrower Creation Test&quot;&gt;
    &lt;classes&gt;
      &lt;class name=&quot;com.crm.testcases.SSBorrowerCreationTest&quot;/&gt;
    &lt;/classes&gt;
  &lt;/test&gt; &lt;!-- SS Borrower Creation Test --&gt;
  &lt;test thread-count=&quot;5&quot; name=&quot;Liabilities Lead Flow Lead Creation Test&quot;&gt;
    &lt;classes&gt;
      &lt;class name=&quot;com.crm.testcases.LiabilityFlow_CreateLeadTest&quot;/&gt;
    &lt;/classes&gt;
  &lt;/test&gt; &lt;!-- Liabilities Lead Flow Lead Creation Test --&gt;
  &lt;test thread-count=&quot;5&quot; name=&quot;Liabilities Lead Flow Update Status Code TO Appointment Fix State Test&quot;&gt;
    &lt;classes&gt;
      &lt;class name=&quot;com.crm.testcases.AppointmentFixTest&quot;/&gt;
    &lt;/classes&gt;
  &lt;/test&gt; &lt;!-- Liabilities Lead Flow Update Status Code TO Appointment Fix State Test --&gt;
  &lt;test thread-count=&quot;5&quot; name=&quot;Liabilities Lead Flow Update Status Code TO Doc Collected State Test&quot;&gt;
    &lt;classes&gt;
      &lt;class name=&quot;com.crm.testcases.DocCollectedTest&quot;/&gt;
    &lt;/classes&gt;
  &lt;/test&gt; &lt;!-- Liabilities Lead Flow Update Status Code TO Doc Collected State Test --&gt;
  &lt;test thread-count=&quot;5&quot; name=&quot;Liabilities Lead Flow Update Status Code TO Received At Branch State Test&quot;&gt;
    &lt;classes&gt;
      &lt;class name=&quot;com.crm.testcases.ReceivedAtBranchTest&quot;/&gt;
    &lt;/classes&gt;
  &lt;/test&gt; &lt;!-- Liabilities Lead Flow Update Status Code TO Received At Branch State Test --&gt;
  &lt;test thread-count=&quot;5&quot; name=&quot;Liabilities Lead Flow Update Status Code TO Branch Approved State Test&quot;&gt;
    &lt;classes&gt;
      &lt;class name=&quot;com.crm.testcases.BranchApprovedTest&quot;/&gt;
    &lt;/classes&gt;
  &lt;/test&gt; &lt;!-- Liabilities Lead Flow Update Status Code TO Branch Approved State Test --&gt;
  &lt;test thread-count=&quot;5&quot; name=&quot;Liabilities Lead Flow Update Status Code TO Dispatched To CPU State Test&quot;&gt;
    &lt;classes&gt;
      &lt;class name=&quot;com.crm.testcases.DispatchedToCPUTest&quot;/&gt;
    &lt;/classes&gt;
  &lt;/test&gt; &lt;!-- Liabilities Lead Flow Update Status Code TO Dispatched To CPU State Test --&gt;
  &lt;test thread-count=&quot;5&quot; name=&quot;Liabilities Lead Flow Update Status Code TO Received At CPU State Test&quot;&gt;
    &lt;classes&gt;
      &lt;class name=&quot;com.crm.testcases.ReceivedAtCPUTest&quot;/&gt;
    &lt;/classes&gt;
  &lt;/test&gt; &lt;!-- Liabilities Lead Flow Update Status Code TO Received At CPU State Test --&gt;
  &lt;test thread-count=&quot;5&quot; name=&quot;Liabilities Lead Flow Update Status Code TO DVP Passed State Test&quot;&gt;
    &lt;classes&gt;
      &lt;class name=&quot;com.crm.testcases.DVUPassedTest&quot;/&gt;
    &lt;/classes&gt;
  &lt;/test&gt; &lt;!-- Liabilities Lead Flow Update Status Code TO DVP Passed State Test --&gt;
  &lt;test thread-count=&quot;5&quot; name=&quot;Liabilities Lead Flow Update Status Code TO Accepted BPO State Test&quot;&gt;
    &lt;classes&gt;
      &lt;class name=&quot;com.crm.testcases.AcceptedBPOTest&quot;/&gt;
    &lt;/classes&gt;
  &lt;/test&gt; &lt;!-- Liabilities Lead Flow Update Status Code TO Accepted BPO State Test --&gt;
  &lt;test thread-count=&quot;5&quot; name=&quot;Liabilities Lead Flow Update Status Code TO Account Opened State Test&quot;&gt;
    &lt;classes&gt;
      &lt;class name=&quot;com.crm.testcases.AccountOpenedTest&quot;/&gt;
    &lt;/classes&gt;
  &lt;/test&gt; &lt;!-- Liabilities Lead Flow Update Status Code TO Account Opened State Test --&gt;
&lt;/suite&gt; &lt;!-- Data Driven Basics --&gt;
            </pre>
          </div> <!-- main-panel-content rounded-window-bottom -->
        </div> <!-- panel -->
        <div panel-name="testlist-Data_Driven_Basics" class="panel">
          <div class="main-panel-header rounded-window-top">
            <span class="header-content">Tests for Data Driven Basics</span>
          </div> <!-- main-panel-header rounded-window-top -->
          <div class="main-panel-content rounded-window-bottom">
            <ul>
              <li>
                <span class="test-name">SS Borrower Creation Test (1 class)</span>
              </li>
              <li>
                <span class="test-name">Liabilities Lead Flow Lead Creation Test (1 class)</span>
              </li>
              <li>
                <span class="test-name">Liabilities Lead Flow Update Status Code TO Appointment Fix State Test (1 class)</span>
              </li>
              <li>
                <span class="test-name">Liabilities Lead Flow Update Status Code TO Doc Collected State Test (1 class)</span>
              </li>
              <li>
                <span class="test-name">Liabilities Lead Flow Update Status Code TO Received At Branch State Test (1 class)</span>
              </li>
              <li>
                <span class="test-name">Liabilities Lead Flow Update Status Code TO Branch Approved State Test (1 class)</span>
              </li>
              <li>
                <span class="test-name">Liabilities Lead Flow Update Status Code TO Dispatched To CPU State Test (1 class)</span>
              </li>
              <li>
                <span class="test-name">Liabilities Lead Flow Update Status Code TO Received At CPU State Test (1 class)</span>
              </li>
              <li>
                <span class="test-name">Liabilities Lead Flow Update Status Code TO DVP Passed State Test (1 class)</span>
              </li>
              <li>
                <span class="test-name">Liabilities Lead Flow Update Status Code TO Accepted BPO State Test (1 class)</span>
              </li>
              <li>
                <span class="test-name">Liabilities Lead Flow Update Status Code TO Account Opened State Test (1 class)</span>
              </li>
            </ul>
          </div> <!-- main-panel-content rounded-window-bottom -->
        </div> <!-- panel -->
        <div panel-name="group-Data_Driven_Basics" class="panel">
          <div class="main-panel-header rounded-window-top">
            <span class="header-content">Groups for Data Driven Basics</span>
          </div> <!-- main-panel-header rounded-window-top -->
          <div class="main-panel-content rounded-window-bottom">
          </div> <!-- main-panel-content rounded-window-bottom -->
        </div> <!-- panel -->
        <div panel-name="times-Data_Driven_Basics" class="panel">
          <div class="main-panel-header rounded-window-top">
            <span class="header-content">Times for Data Driven Basics</span>
          </div> <!-- main-panel-header rounded-window-top -->
          <div class="main-panel-content rounded-window-bottom">
            <div class="times-div">
              <script type="text/javascript">
suiteTableInitFunctions.push('tableData_Data_Driven_Basics');
function tableData_Data_Driven_Basics() {
var data = new google.visualization.DataTable();
data.addColumn('number', 'Number');
data.addColumn('string', 'Method');
data.addColumn('string', 'Class');
data.addColumn('number', 'Time (ms)');
data.addRows(11);
data.setCell(0, 0, 0)
data.setCell(0, 1, 'appointmentFixTest')
data.setCell(0, 2, 'com.crm.testcases.AppointmentFixTest')
data.setCell(0, 3, 53074);
data.setCell(1, 0, 1)
data.setCell(1, 1, 'docCollectedTest')
data.setCell(1, 2, 'com.crm.testcases.DocCollectedTest')
data.setCell(1, 3, 48417);
data.setCell(2, 0, 2)
data.setCell(2, 1, 'ssborrowerCreationTest')
data.setCell(2, 2, 'com.crm.testcases.SSBorrowerCreationTest')
data.setCell(2, 3, 9);
data.setCell(3, 0, 3)
data.setCell(3, 1, 'liabilityFlow_CreateLeadTest')
data.setCell(3, 2, 'com.crm.testcases.LiabilityFlow_CreateLeadTest')
data.setCell(3, 3, 2);
data.setCell(4, 0, 4)
data.setCell(4, 1, 'receivedAtBranchTest')
data.setCell(4, 2, 'com.crm.testcases.ReceivedAtBranchTest')
data.setCell(4, 3, 1);
data.setCell(5, 0, 5)
data.setCell(5, 1, 'branchApprovedTest')
data.setCell(5, 2, 'com.crm.testcases.BranchApprovedTest')
data.setCell(5, 3, 1);
data.setCell(6, 0, 6)
data.setCell(6, 1, 'receivedAtCPUTest')
data.setCell(6, 2, 'com.crm.testcases.ReceivedAtCPUTest')
data.setCell(6, 3, 1);
data.setCell(7, 0, 7)
data.setCell(7, 1, 'accountOpenedTest')
data.setCell(7, 2, 'com.crm.testcases.AccountOpenedTest')
data.setCell(7, 3, 1);
data.setCell(8, 0, 8)
data.setCell(8, 1, 'dispatchedToCPUTest')
data.setCell(8, 2, 'com.crm.testcases.DispatchedToCPUTest')
data.setCell(8, 3, 0);
data.setCell(9, 0, 9)
data.setCell(9, 1, 'dVUPassedTest')
data.setCell(9, 2, 'com.crm.testcases.DVUPassedTest')
data.setCell(9, 3, 0);
data.setCell(10, 0, 10)
data.setCell(10, 1, 'acceptedBPOTest')
data.setCell(10, 2, 'com.crm.testcases.AcceptedBPOTest')
data.setCell(10, 3, 0);
window.suiteTableData['Data_Driven_Basics']= { tableData: data, tableDiv: 'times-div-Data_Driven_Basics'}
return data;
}
              </script>
              <span class="suite-total-time">Total running time: 1 minutes</span>
              <div id="times-div-Data_Driven_Basics">
              </div> <!-- times-div-Data_Driven_Basics -->
            </div> <!-- times-div -->
          </div> <!-- main-panel-content rounded-window-bottom -->
        </div> <!-- panel -->
        <div panel-name="reporter-Data_Driven_Basics" class="panel">
          <div class="main-panel-header rounded-window-top">
            <span class="header-content">Reporter output for Data Driven Basics</span>
          </div> <!-- main-panel-header rounded-window-top -->
          <div class="main-panel-content rounded-window-bottom">
          </div> <!-- main-panel-content rounded-window-bottom -->
        </div> <!-- panel -->
        <div panel-name="ignored-methods-Data_Driven_Basics" class="panel">
          <div class="main-panel-header rounded-window-top">
            <span class="header-content">0 ignored methods</span>
          </div> <!-- main-panel-header rounded-window-top -->
          <div class="main-panel-content rounded-window-bottom">
          </div> <!-- main-panel-content rounded-window-bottom -->
        </div> <!-- panel -->
        <div panel-name="chronological-Data_Driven_Basics" class="panel">
          <div class="main-panel-header rounded-window-top">
            <span class="header-content">Methods in chronological order</span>
          </div> <!-- main-panel-header rounded-window-top -->
          <div class="main-panel-content rounded-window-bottom">
            <div class="chronological-class">
              <div class="chronological-class-name">com.crm.testcases.SSBorrowerCreationTest</div> <!-- chronological-class-name -->
              <div class="test-method">
                <span class="method-name">ssborrowerCreationTest({Password=acid_qa, Login Role=RM1, Constitution=Association, Market Segment=Commercial Banks, Userna...)</span>
                <span class="method-start">0 ms</span>
              </div> <!-- test-method -->
              <div class="configuration-method after">
                <img src="failed.png">
                </img>
                <span class="method-name">tearDown</span>
                <span class="method-start">17 ms</span>
              </div> <!-- configuration-method after -->
            </div> <!-- chronological-class -->
            <div class="chronological-class">
              <div class="chronological-class-name">com.crm.testcases.LiabilityFlow_CreateLeadTest</div> <!-- chronological-class-name -->
              <div class="test-method">
                <span class="method-name">liabilityFlow_CreateLeadTest({View Sub Category DispatchedtoCPU=Dispatched to CPU, Input Type=Lead, SURU Branch=NO, Layout Name=L...)</span>
                <span class="method-start">288 ms</span>
              </div> <!-- test-method -->
              <div class="configuration-method after">
                <img src="failed.png">
                </img>
                <span class="method-name">tearDown</span>
                <span class="method-start">290 ms</span>
              </div> <!-- configuration-method after -->
            </div> <!-- chronological-class -->
            <div class="chronological-class">
              <div class="chronological-class-name">com.crm.testcases.AppointmentFixTest</div> <!-- chronological-class-name -->
              <div class="test-method">
                <img src="failed.png">
                </img>
                <span class="method-name">appointmentFixTest({View Sub Category=Fresh With Branch, View Sub Sub Category=Today, Password=acid_qa, Test Case ID=TC...)</span>
                <span class="method-start">327 ms</span>
              </div> <!-- test-method -->
              <div class="configuration-method after">
                <span class="method-name">tearDown</span>
                <span class="method-start">54879 ms</span>
              </div> <!-- configuration-method after -->
            </div> <!-- chronological-class -->
            <div class="chronological-class">
              <div class="chronological-class-name">com.crm.testcases.DocCollectedTest</div> <!-- chronological-class-name -->
              <div class="test-method">
                <img src="failed.png">
                </img>
                <span class="method-name">docCollectedTest({View Sub Category=Appointment Fixed, View Sub Sub Category=Today, Password=acid_qa, Test Case ID=TC...)</span>
                <span class="method-start">55584 ms</span>
              </div> <!-- test-method -->
              <div class="configuration-method after">
                <span class="method-name">tearDown</span>
                <span class="method-start">105334 ms</span>
              </div> <!-- configuration-method after -->
            </div> <!-- chronological-class -->
            <div class="chronological-class">
              <div class="chronological-class-name">com.crm.testcases.ReceivedAtBranchTest</div> <!-- chronological-class-name -->
              <div class="test-method">
                <span class="method-name">receivedAtBranchTest({View Sub Category=Docs Collected, View Sub Sub Category=Today, Password=acid_qa, Test Case ID=TC_00...)</span>
                <span class="method-start">105958 ms</span>
              </div> <!-- test-method -->
              <div class="configuration-method after">
                <span class="method-name">tearDown</span>
                <span class="method-start">105959 ms</span>
              </div> <!-- configuration-method after -->
            </div> <!-- chronological-class -->
            <div class="chronological-class">
              <div class="chronological-class-name">com.crm.testcases.BranchApprovedTest</div> <!-- chronological-class-name -->
              <div class="test-method">
                <span class="method-name">branchApprovedTest({View Sub Category=Received Complete documents at Branch, View Sub Sub Category=Today, Password=acid...)</span>
                <span class="method-start">105995 ms</span>
              </div> <!-- test-method -->
              <div class="configuration-method after">
                <span class="method-name">tearDown</span>
                <span class="method-start">105996 ms</span>
              </div> <!-- configuration-method after -->
            </div> <!-- chronological-class -->
            <div class="chronological-class">
              <div class="chronological-class-name">com.crm.testcases.DispatchedToCPUTest</div> <!-- chronological-class-name -->
              <div class="configuration-method after">
                <span class="method-name">tearDown</span>
                <span class="method-start">106019 ms</span>
              </div> <!-- configuration-method after -->
              <div class="test-method">
                <span class="method-name">dispatchedToCPUTest({View Sub Category=Branch Approved, View Sub Sub Category=Today, Password=acid_qa, Test Case ID=TC_0...)</span>
                <span class="method-start">106019 ms</span>
              </div> <!-- test-method -->
            </div> <!-- chronological-class -->
            <div class="chronological-class">
              <div class="chronological-class-name">com.crm.testcases.ReceivedAtCPUTest</div> <!-- chronological-class-name -->
              <div class="test-method">
                <span class="method-name">receivedAtCPUTest({View Sub Category=Dispatched to CPU, View Sub Sub Category=Today, Password=acid_qa, Test Case ID=TC...)</span>
                <span class="method-start">106070 ms</span>
              </div> <!-- test-method -->
              <div class="configuration-method after">
                <span class="method-name">tearDown</span>
                <span class="method-start">106075 ms</span>
              </div> <!-- configuration-method after -->
            </div> <!-- chronological-class -->
            <div class="chronological-class">
              <div class="chronological-class-name">com.crm.testcases.DVUPassedTest</div> <!-- chronological-class-name -->
              <div class="test-method">
                <span class="method-name">dVUPassedTest({View Sub Category=Received at CPU, View Sub Sub Category=Today, Password=acid_qa, Test Case ID=TC_0...)</span>
                <span class="method-start">106110 ms</span>
              </div> <!-- test-method -->
              <div class="configuration-method after">
                <span class="method-name">tearDown</span>
                <span class="method-start">106110 ms</span>
              </div> <!-- configuration-method after -->
            </div> <!-- chronological-class -->
            <div class="chronological-class">
              <div class="chronological-class-name">com.crm.testcases.AcceptedBPOTest</div> <!-- chronological-class-name -->
              <div class="test-method">
                <span class="method-name">acceptedBPOTest({View Sub Category=DVU Passed, View Sub Sub Category=Today, Password=acid_qa, Test Case ID=TC_0001, ...)</span>
                <span class="method-start">106143 ms</span>
              </div> <!-- test-method -->
              <div class="configuration-method after">
                <span class="method-name">tearDown</span>
                <span class="method-start">106145 ms</span>
              </div> <!-- configuration-method after -->
            </div> <!-- chronological-class -->
            <div class="chronological-class">
              <div class="chronological-class-name">com.crm.testcases.AccountOpenedTest</div> <!-- chronological-class-name -->
              <div class="test-method">
                <span class="method-name">accountOpenedTest({View Sub Category=Accepted BPO, View Sub Sub Category=Today, Password=acid_qa, Test Case ID=TC_0001...)</span>
                <span class="method-start">106181 ms</span>
              </div> <!-- test-method -->
              <div class="configuration-method after">
                <span class="method-name">tearDown</span>
                <span class="method-start">106183 ms</span>
              </div> <!-- configuration-method after -->
          </div> <!-- main-panel-content rounded-window-bottom -->
        </div> <!-- panel -->
      </div> <!-- main-panel-root -->
    </div> <!-- wrapper -->
  </body>
<script type="text/javascript" src="testng-reports2.js"></script>
</html>
